(1000, 21)
(1000, 1000)
preprocessing...
generating test/val sets...
creating false test edges...
creating false val edges...
creating false train edges...
final checks for disjointness...
creating adj_train...
Done with train-test split!

Total nodes: 1000
Total edges: 2563
Training edges (positive): 1539
Training edges (negative): 1539
Validation edges (positive): 256
Validation edges (negative): 256
Test edges (positive): 768
Test edges (negative): 768
Creating GAE optimizer...
Labels shape:  (?,)
Preds shape:  (1000000,)
CE+KL loss shape:  ()
Epoch: 0001 train_loss= 4.13943 train_acc= 0.49914 val_roc= 0.47488 val_ap= 0.47195 time= 3.53513
Epoch: 0002 train_loss= 4.17360 train_acc= 0.50130 val_roc= 0.45745 val_ap= 0.45834 time= 0.25397
Epoch: 0003 train_loss= 4.20401 train_acc= 0.50058 val_roc= 0.48923 val_ap= 0.48152 time= 0.25190
Epoch: 0004 train_loss= 4.29020 train_acc= 0.49996 val_roc= 0.48694 val_ap= 0.48303 time= 0.24006
Epoch: 0005 train_loss= 4.27776 train_acc= 0.50075 val_roc= 0.48184 val_ap= 0.47082 time= 0.23133
Epoch: 0006 train_loss= 4.21696 train_acc= 0.50008 val_roc= 0.45830 val_ap= 0.45508 time= 0.34101
Epoch: 0007 train_loss= 4.48551 train_acc= 0.50065 val_roc= 0.47620 val_ap= 0.47709 time= 0.22277
Epoch: 0008 train_loss= 4.32320 train_acc= 0.50071 val_roc= 0.48457 val_ap= 0.47297 time= 0.35106
Epoch: 0009 train_loss= 4.36538 train_acc= 0.49999 val_roc= 0.49173 val_ap= 0.48057 time= 0.27472
Epoch: 0010 train_loss= 4.45788 train_acc= 0.50079 val_roc= 0.45805 val_ap= 0.45908 time= 0.31310
Epoch: 0011 train_loss= 4.37013 train_acc= 0.50005 val_roc= 0.45746 val_ap= 0.45660 time= 0.29453
Epoch: 0012 train_loss= 4.36174 train_acc= 0.50061 val_roc= 0.47266 val_ap= 0.47011 time= 0.24402
Epoch: 0013 train_loss= 4.44899 train_acc= 0.49948 val_roc= 0.47408 val_ap= 0.46667 time= 0.27774
Epoch: 0014 train_loss= 4.22101 train_acc= 0.50084 val_roc= 0.47528 val_ap= 0.47186 time= 0.33904
Epoch: 0015 train_loss= 4.32396 train_acc= 0.50071 val_roc= 0.46532 val_ap= 0.46206 time= 0.31380
Epoch: 0016 train_loss= 4.24237 train_acc= 0.50080 val_roc= 0.48138 val_ap= 0.47811 time= 0.25355
Epoch: 0017 train_loss= 4.30709 train_acc= 0.50012 val_roc= 0.46033 val_ap= 0.45948 time= 0.28423
Epoch: 0018 train_loss= 4.41599 train_acc= 0.50015 val_roc= 0.45535 val_ap= 0.45418 time= 0.27668
Epoch: 0019 train_loss= 4.36582 train_acc= 0.50192 val_roc= 0.48024 val_ap= 0.47487 time= 0.23536
Epoch: 0020 train_loss= 4.40219 train_acc= 0.50021 val_roc= 0.46025 val_ap= 0.45889 time= 0.23696
Epoch: 0021 train_loss= 4.30359 train_acc= 0.50048 val_roc= 0.46469 val_ap= 0.46721 time= 0.28306
Epoch: 0022 train_loss= 4.30266 train_acc= 0.50204 val_roc= 0.50278 val_ap= 0.49260 time= 0.17352
Epoch: 0023 train_loss= 4.27700 train_acc= 0.49927 val_roc= 0.45509 val_ap= 0.45122 time= 0.27258
Epoch: 0024 train_loss= 4.30021 train_acc= 0.50083 val_roc= 0.46539 val_ap= 0.46667 time= 0.33170
Epoch: 0025 train_loss= 4.36110 train_acc= 0.49987 val_roc= 0.46623 val_ap= 0.46150 time= 0.33224
Epoch: 0026 train_loss= 4.33511 train_acc= 0.50056 val_roc= 0.45947 val_ap= 0.45882 time= 0.27149
Epoch: 0027 train_loss= 4.41558 train_acc= 0.50047 val_roc= 0.46815 val_ap= 0.46649 time= 0.19122
Epoch: 0028 train_loss= 4.22084 train_acc= 0.50067 val_roc= 0.46690 val_ap= 0.46454 time= 0.32932
Epoch: 0029 train_loss= 4.41293 train_acc= 0.50102 val_roc= 0.46863 val_ap= 0.46227 time= 0.35620
Epoch: 0030 train_loss= 4.19741 train_acc= 0.49927 val_roc= 0.47748 val_ap= 0.46890 time= 0.35584
Epoch: 0031 train_loss= 4.21243 train_acc= 0.49998 val_roc= 0.49263 val_ap= 0.48300 time= 0.33444
Epoch: 0032 train_loss= 4.37113 train_acc= 0.50011 val_roc= 0.47395 val_ap= 0.46762 time= 0.41337
Epoch: 0033 train_loss= 4.38353 train_acc= 0.49814 val_roc= 0.45628 val_ap= 0.45747 time= 0.27975
Epoch: 0034 train_loss= 4.35111 train_acc= 0.50098 val_roc= 0.46254 val_ap= 0.45929 time= 0.31785
Epoch: 0035 train_loss= 4.37882 train_acc= 0.50036 val_roc= 0.44933 val_ap= 0.44737 time= 0.31013
Epoch: 0036 train_loss= 4.41657 train_acc= 0.50102 val_roc= 0.45920 val_ap= 0.45668 time= 0.24973
Epoch: 0037 train_loss= 4.29523 train_acc= 0.49931 val_roc= 0.45152 val_ap= 0.45481 time= 0.33494
Epoch: 0038 train_loss= 4.16975 train_acc= 0.50169 val_roc= 0.50281 val_ap= 0.49061 time= 0.28177
Epoch: 0039 train_loss= 4.27154 train_acc= 0.50024 val_roc= 0.45921 val_ap= 0.45788 time= 0.26588
Epoch: 0040 train_loss= 4.40801 train_acc= 0.49960 val_roc= 0.46178 val_ap= 0.45849 time= 0.24131
Epoch: 0041 train_loss= 4.48701 train_acc= 0.49933 val_roc= 0.46758 val_ap= 0.46980 time= 0.30456
Epoch: 0042 train_loss= 4.30195 train_acc= 0.50164 val_roc= 0.45741 val_ap= 0.45453 time= 0.24585
Epoch: 0043 train_loss= 4.44298 train_acc= 0.49998 val_roc= 0.46490 val_ap= 0.46185 time= 0.32904
Epoch: 0044 train_loss= 4.26386 train_acc= 0.50041 val_roc= 0.48036 val_ap= 0.47400 time= 0.21850
Epoch: 0045 train_loss= 4.31724 train_acc= 0.50019 val_roc= 0.46574 val_ap= 0.46430 time= 0.27226
Epoch: 0046 train_loss= 4.26617 train_acc= 0.49940 val_roc= 0.44789 val_ap= 0.44940 time= 0.25135
Epoch: 0047 train_loss= 4.41813 train_acc= 0.49970 val_roc= 0.46684 val_ap= 0.46438 time= 0.27956
Epoch: 0048 train_loss= 4.35883 train_acc= 0.50177 val_roc= 0.47441 val_ap= 0.47063 time= 0.25124
Epoch: 0049 train_loss= 4.22408 train_acc= 0.49969 val_roc= 0.46249 val_ap= 0.45947 time= 0.25187
Epoch: 0050 train_loss= 4.33977 train_acc= 0.50014 val_roc= 0.44774 val_ap= 0.45099 time= 0.26597
Epoch: 0051 train_loss= 4.35473 train_acc= 0.50005 val_roc= 0.45872 val_ap= 0.45643 time= 0.34706
Epoch: 0052 train_loss= 4.31334 train_acc= 0.50153 val_roc= 0.45193 val_ap= 0.45082 time= 0.33087
Epoch: 0053 train_loss= 4.26395 train_acc= 0.50031 val_roc= 0.46803 val_ap= 0.45948 time= 0.24731
Epoch: 0054 train_loss= 4.38489 train_acc= 0.50109 val_roc= 0.46254 val_ap= 0.46001 time= 0.22498
Epoch: 0055 train_loss= 4.46760 train_acc= 0.50115 val_roc= 0.46059 val_ap= 0.45807 time= 0.33071
Epoch: 0056 train_loss= 4.42618 train_acc= 0.50096 val_roc= 0.46248 val_ap= 0.46496 time= 0.27008
Epoch: 0057 train_loss= 4.43364 train_acc= 0.50083 val_roc= 0.46771 val_ap= 0.46645 time= 0.23843
Epoch: 0058 train_loss= 4.20309 train_acc= 0.49958 val_roc= 0.46735 val_ap= 0.46777 time= 0.21637
Epoch: 0059 train_loss= 4.38992 train_acc= 0.50088 val_roc= 0.45262 val_ap= 0.45291 time= 0.31909
Epoch: 0060 train_loss= 4.24008 train_acc= 0.50088 val_roc= 0.47002 val_ap= 0.46701 time= 0.30576
Epoch: 0061 train_loss= 4.24161 train_acc= 0.50124 val_roc= 0.46579 val_ap= 0.46152 time= 0.22002
Epoch: 0062 train_loss= 4.42533 train_acc= 0.50014 val_roc= 0.44870 val_ap= 0.45043 time= 0.33169
Epoch: 0063 train_loss= 4.44746 train_acc= 0.50154 val_roc= 0.46141 val_ap= 0.46214 time= 0.35295
Epoch: 0064 train_loss= 4.42700 train_acc= 0.50107 val_roc= 0.46774 val_ap= 0.46158 time= 0.28914
Epoch: 0065 train_loss= 4.34099 train_acc= 0.50120 val_roc= 0.45842 val_ap= 0.46003 time= 0.23726
Epoch: 0066 train_loss= 4.34529 train_acc= 0.50084 val_roc= 0.45407 val_ap= 0.45507 time= 0.25812
Epoch: 0067 train_loss= 4.28175 train_acc= 0.50061 val_roc= 0.46040 val_ap= 0.46429 time= 0.31424
Epoch: 0068 train_loss= 4.38793 train_acc= 0.49847 val_roc= 0.46271 val_ap= 0.45783 time= 0.29834
Epoch: 0069 train_loss= 4.27067 train_acc= 0.50006 val_roc= 0.47876 val_ap= 0.47228 time= 0.24111
Epoch: 0070 train_loss= 4.33727 train_acc= 0.50196 val_roc= 0.46037 val_ap= 0.45720 time= 0.23707
Epoch: 0071 train_loss= 4.25338 train_acc= 0.49981 val_roc= 0.48001 val_ap= 0.47795 time= 0.36980
Epoch: 0072 train_loss= 4.36285 train_acc= 0.50006 val_roc= 0.46774 val_ap= 0.46185 time= 0.17107
Epoch: 0073 train_loss= 4.28476 train_acc= 0.50062 val_roc= 0.45914 val_ap= 0.45920 time= 0.42344
Epoch: 0074 train_loss= 4.39365 train_acc= 0.49925 val_roc= 0.45126 val_ap= 0.45084 time= 0.26523
Epoch: 0075 train_loss= 4.37999 train_acc= 0.50025 val_roc= 0.46921 val_ap= 0.46542 time= 0.27148
Epoch: 0076 train_loss= 4.34955 train_acc= 0.49740 val_roc= 0.45926 val_ap= 0.45575 time= 0.22985
Epoch: 0077 train_loss= 4.44853 train_acc= 0.50119 val_roc= 0.47122 val_ap= 0.46709 time= 0.29973
Epoch: 0078 train_loss= 4.13099 train_acc= 0.49975 val_roc= 0.45529 val_ap= 0.45415 time= 0.21757
Epoch: 0079 train_loss= 4.35724 train_acc= 0.50026 val_roc= 0.47531 val_ap= 0.47117 time= 0.21929
Epoch: 0080 train_loss= 4.42662 train_acc= 0.49969 val_roc= 0.44969 val_ap= 0.44889 time= 0.34226
Epoch: 0081 train_loss= 4.35742 train_acc= 0.50100 val_roc= 0.47751 val_ap= 0.47147 time= 0.21445
Epoch: 0082 train_loss= 4.29942 train_acc= 0.50081 val_roc= 0.46240 val_ap= 0.46050 time= 0.37613
Epoch: 0083 train_loss= 4.34399 train_acc= 0.50095 val_roc= 0.47096 val_ap= 0.47000 time= 0.31511
Epoch: 0084 train_loss= 4.17724 train_acc= 0.50019 val_roc= 0.47855 val_ap= 0.47606 time= 0.22529
Epoch: 0085 train_loss= 4.36929 train_acc= 0.50044 val_roc= 0.45946 val_ap= 0.45783 time= 0.22864
Epoch: 0086 train_loss= 4.29546 train_acc= 0.50065 val_roc= 0.47202 val_ap= 0.46706 time= 0.31982
Epoch: 0087 train_loss= 4.28476 train_acc= 0.49959 val_roc= 0.46390 val_ap= 0.46261 time= 0.22953
Epoch: 0088 train_loss= 4.32349 train_acc= 0.50171 val_roc= 0.46022 val_ap= 0.45723 time= 0.29555
Epoch: 0089 train_loss= 4.28635 train_acc= 0.49930 val_roc= 0.45029 val_ap= 0.44943 time= 0.27945
Epoch: 0090 train_loss= 4.39070 train_acc= 0.50053 val_roc= 0.45055 val_ap= 0.45016 time= 0.35823
Epoch: 0091 train_loss= 4.37365 train_acc= 0.50101 val_roc= 0.48648 val_ap= 0.47922 time= 0.36674
Epoch: 0092 train_loss= 4.34092 train_acc= 0.50000 val_roc= 0.44597 val_ap= 0.44957 time= 0.18551
Epoch: 0093 train_loss= 4.45866 train_acc= 0.49993 val_roc= 0.44800 val_ap= 0.44876 time= 0.24984
Epoch: 0094 train_loss= 4.28690 train_acc= 0.50068 val_roc= 0.46753 val_ap= 0.46825 time= 0.30667
Epoch: 0095 train_loss= 4.22405 train_acc= 0.50074 val_roc= 0.47339 val_ap= 0.46920 time= 0.25673
Epoch: 0096 train_loss= 4.37602 train_acc= 0.50047 val_roc= 0.45998 val_ap= 0.45845 time= 0.29797
Epoch: 0097 train_loss= 4.31106 train_acc= 0.50093 val_roc= 0.47185 val_ap= 0.47001 time= 0.23638
Epoch: 0098 train_loss= 4.41752 train_acc= 0.50057 val_roc= 0.46982 val_ap= 0.46357 time= 0.28517
Epoch: 0099 train_loss= 4.35082 train_acc= 0.50084 val_roc= 0.48387 val_ap= 0.47948 time= 0.34559
Epoch: 0100 train_loss= 4.23744 train_acc= 0.49867 val_roc= 0.46194 val_ap= 0.46192 time= 0.40793
Epoch: 0101 train_loss= 4.28348 train_acc= 0.50046 val_roc= 0.45293 val_ap= 0.45531 time= 0.20208
Epoch: 0102 train_loss= 4.18808 train_acc= 0.50031 val_roc= 0.46187 val_ap= 0.45984 time= 0.34615
Epoch: 0103 train_loss= 4.27655 train_acc= 0.50197 val_roc= 0.45737 val_ap= 0.45599 time= 0.25954
Epoch: 0104 train_loss= 4.30843 train_acc= 0.50021 val_roc= 0.46179 val_ap= 0.45888 time= 0.26069
Epoch: 0105 train_loss= 4.39287 train_acc= 0.49999 val_roc= 0.46059 val_ap= 0.45959 time= 0.23100
Epoch: 0106 train_loss= 4.46972 train_acc= 0.49943 val_roc= 0.45270 val_ap= 0.45090 time= 0.27889
Epoch: 0107 train_loss= 4.39359 train_acc= 0.50062 val_roc= 0.47083 val_ap= 0.46515 time= 0.30644
Epoch: 0108 train_loss= 4.30246 train_acc= 0.50065 val_roc= 0.44734 val_ap= 0.45008 time= 0.28273
Epoch: 0109 train_loss= 4.37416 train_acc= 0.50043 val_roc= 0.47104 val_ap= 0.47106 time= 0.20843
Epoch: 0110 train_loss= 4.42663 train_acc= 0.50080 val_roc= 0.45004 val_ap= 0.45350 time= 0.25473
Epoch: 0111 train_loss= 4.44968 train_acc= 0.50044 val_roc= 0.45555 val_ap= 0.45917 time= 0.26071
Epoch: 0112 train_loss= 4.28269 train_acc= 0.50115 val_roc= 0.45905 val_ap= 0.45873 time= 0.30381
Epoch: 0113 train_loss= 4.26741 train_acc= 0.50052 val_roc= 0.45171 val_ap= 0.45218 time= 0.24323
Epoch: 0114 train_loss= 4.31496 train_acc= 0.50047 val_roc= 0.45409 val_ap= 0.45514 time= 0.26718
Epoch: 0115 train_loss= 4.23778 train_acc= 0.50121 val_roc= 0.47168 val_ap= 0.47319 time= 0.27919
Epoch: 0116 train_loss= 4.34888 train_acc= 0.49930 val_roc= 0.45744 val_ap= 0.45629 time= 0.28908
Epoch: 0117 train_loss= 4.28396 train_acc= 0.50097 val_roc= 0.47594 val_ap= 0.47149 time= 0.29003
Epoch: 0118 train_loss= 4.33969 train_acc= 0.49981 val_roc= 0.47203 val_ap= 0.46954 time= 0.24749
Epoch: 0119 train_loss= 4.41822 train_acc= 0.50020 val_roc= 0.45819 val_ap= 0.45862 time= 0.25954
Epoch: 0120 train_loss= 4.33456 train_acc= 0.50083 val_roc= 0.46642 val_ap= 0.46106 time= 0.26870
Epoch: 0121 train_loss= 4.17425 train_acc= 0.50062 val_roc= 0.46051 val_ap= 0.45774 time= 0.25158
Epoch: 0122 train_loss= 4.28778 train_acc= 0.50089 val_roc= 0.46216 val_ap= 0.46070 time= 0.23597
Epoch: 0123 train_loss= 4.40019 train_acc= 0.50085 val_roc= 0.45985 val_ap= 0.45608 time= 0.26065
Epoch: 0124 train_loss= 4.20926 train_acc= 0.50073 val_roc= 0.44193 val_ap= 0.44623 time= 0.28771
Epoch: 0125 train_loss= 4.28745 train_acc= 0.50049 val_roc= 0.46048 val_ap= 0.45994 time= 0.33303
Epoch: 0126 train_loss= 4.23490 train_acc= 0.50098 val_roc= 0.44226 val_ap= 0.44570 time= 0.24015
Epoch: 0127 train_loss= 4.30165 train_acc= 0.50111 val_roc= 0.45891 val_ap= 0.46185 time= 0.33471
Epoch: 0128 train_loss= 4.19780 train_acc= 0.50053 val_roc= 0.44930 val_ap= 0.44975 time= 0.34043
Epoch: 0129 train_loss= 4.16234 train_acc= 0.50105 val_roc= 0.46623 val_ap= 0.46199 time= 0.23321
Epoch: 0130 train_loss= 4.19961 train_acc= 0.50077 val_roc= 0.47520 val_ap= 0.47220 time= 0.27483
Epoch: 0131 train_loss= 4.22178 train_acc= 0.50099 val_roc= 0.46239 val_ap= 0.46137 time= 0.30530
Epoch: 0132 train_loss= 4.31602 train_acc= 0.50088 val_roc= 0.45403 val_ap= 0.45333 time= 0.27868
Epoch: 0133 train_loss= 4.32736 train_acc= 0.50007 val_roc= 0.45517 val_ap= 0.45541 time= 0.21765
Epoch: 0134 train_loss= 4.36889 train_acc= 0.49879 val_roc= 0.46872 val_ap= 0.47015 time= 0.32119
Epoch: 0135 train_loss= 4.35011 train_acc= 0.49918 val_roc= 0.45627 val_ap= 0.45714 time= 0.29028
Epoch: 0136 train_loss= 4.28981 train_acc= 0.49807 val_roc= 0.47765 val_ap= 0.46935 time= 0.28714
Epoch: 0137 train_loss= 4.36526 train_acc= 0.50121 val_roc= 0.48164 val_ap= 0.48297 time= 0.28115
Epoch: 0138 train_loss= 4.27001 train_acc= 0.50179 val_roc= 0.47728 val_ap= 0.47297 time= 0.28794
Epoch: 0139 train_loss= 4.39997 train_acc= 0.49914 val_roc= 0.45238 val_ap= 0.45024 time= 0.27367
Epoch: 0140 train_loss= 4.33167 train_acc= 0.50111 val_roc= 0.46581 val_ap= 0.46590 time= 0.25003
Epoch: 0141 train_loss= 4.50718 train_acc= 0.50101 val_roc= 0.47978 val_ap= 0.46935 time= 0.28858
Epoch: 0142 train_loss= 4.19185 train_acc= 0.50041 val_roc= 0.45540 val_ap= 0.45565 time= 0.30071
Epoch: 0143 train_loss= 4.31075 train_acc= 0.50136 val_roc= 0.45293 val_ap= 0.45258 time= 0.43808
Epoch: 0144 train_loss= 4.49160 train_acc= 0.49886 val_roc= 0.46654 val_ap= 0.46303 time= 0.20697
Epoch: 0145 train_loss= 4.34116 train_acc= 0.50083 val_roc= 0.45911 val_ap= 0.46040 time= 0.21088
Epoch: 0146 train_loss= 4.37441 train_acc= 0.50137 val_roc= 0.44551 val_ap= 0.44643 time= 0.35749
Epoch: 0147 train_loss= 4.26578 train_acc= 0.49998 val_roc= 0.44641 val_ap= 0.44620 time= 0.28816
Epoch: 0148 train_loss= 4.20067 train_acc= 0.50073 val_roc= 0.46350 val_ap= 0.46408 time= 0.21164
Epoch: 0149 train_loss= 4.35403 train_acc= 0.50074 val_roc= 0.47156 val_ap= 0.46487 time= 0.24126
Epoch: 0150 train_loss= 4.30108 train_acc= 0.50006 val_roc= 0.44547 val_ap= 0.44698 time= 0.35040
Epoch: 0151 train_loss= 4.31458 train_acc= 0.50094 val_roc= 0.44733 val_ap= 0.44782 time= 0.24391
Epoch: 0152 train_loss= 4.26430 train_acc= 0.50116 val_roc= 0.46323 val_ap= 0.46043 time= 0.22164
Epoch: 0153 train_loss= 4.29202 train_acc= 0.50091 val_roc= 0.44904 val_ap= 0.44855 time= 0.29103
Epoch: 0154 train_loss= 4.20512 train_acc= 0.50218 val_roc= 0.44983 val_ap= 0.44982 time= 0.27308
Epoch: 0155 train_loss= 4.17531 train_acc= 0.50037 val_roc= 0.45656 val_ap= 0.46040 time= 0.26956
Epoch: 0156 train_loss= 4.22244 train_acc= 0.50145 val_roc= 0.46590 val_ap= 0.46167 time= 0.31859
Epoch: 0157 train_loss= 4.40740 train_acc= 0.50190 val_roc= 0.44968 val_ap= 0.44816 time= 0.21495
Epoch: 0158 train_loss= 4.30615 train_acc= 0.50042 val_roc= 0.45422 val_ap= 0.45275 time= 0.22546
Epoch: 0159 train_loss= 4.34957 train_acc= 0.50111 val_roc= 0.45766 val_ap= 0.45759 time= 0.38655
Epoch: 0160 train_loss= 4.23047 train_acc= 0.50005 val_roc= 0.45415 val_ap= 0.45291 time= 0.19775
Epoch: 0161 train_loss= 4.37998 train_acc= 0.50022 val_roc= 0.46950 val_ap= 0.46373 time= 0.33122
Epoch: 0162 train_loss= 4.41582 train_acc= 0.49981 val_roc= 0.44882 val_ap= 0.45169 time= 0.20606
Epoch: 0163 train_loss= 4.24086 train_acc= 0.50034 val_roc= 0.45596 val_ap= 0.45999 time= 0.30160
Epoch: 0164 train_loss= 4.32011 train_acc= 0.50080 val_roc= 0.44418 val_ap= 0.44531 time= 0.31251
Epoch: 0165 train_loss= 4.35919 train_acc= 0.50044 val_roc= 0.47057 val_ap= 0.46763 time= 0.37228
Epoch: 0166 train_loss= 4.35174 train_acc= 0.50015 val_roc= 0.46243 val_ap= 0.45825 time= 0.25730
Epoch: 0167 train_loss= 4.47717 train_acc= 0.50100 val_roc= 0.46925 val_ap= 0.46602 time= 0.26318
Epoch: 0168 train_loss= 4.29678 train_acc= 0.50026 val_roc= 0.46480 val_ap= 0.46641 time= 0.25604
Epoch: 0169 train_loss= 4.35128 train_acc= 0.50114 val_roc= 0.45967 val_ap= 0.45687 time= 0.27396
Epoch: 0170 train_loss= 4.37465 train_acc= 0.50157 val_roc= 0.45718 val_ap= 0.45524 time= 0.29940
Epoch: 0171 train_loss= 4.40971 train_acc= 0.50058 val_roc= 0.44202 val_ap= 0.44245 time= 0.20376
Epoch: 0172 train_loss= 4.27367 train_acc= 0.50118 val_roc= 0.45016 val_ap= 0.45067 time= 0.32591
Epoch: 0173 train_loss= 4.33393 train_acc= 0.50046 val_roc= 0.45383 val_ap= 0.45536 time= 0.27774
Epoch: 0174 train_loss= 4.44526 train_acc= 0.50048 val_roc= 0.44843 val_ap= 0.44815 time= 0.32769
Epoch: 0175 train_loss= 4.38515 train_acc= 0.49989 val_roc= 0.44785 val_ap= 0.45054 time= 0.21233
Epoch: 0176 train_loss= 4.29449 train_acc= 0.49921 val_roc= 0.46815 val_ap= 0.46868 time= 0.20721
Epoch: 0177 train_loss= 4.08841 train_acc= 0.50021 val_roc= 0.46483 val_ap= 0.46375 time= 0.31939
Epoch: 0178 train_loss= 4.28163 train_acc= 0.50087 val_roc= 0.44923 val_ap= 0.44976 time= 0.30061
Epoch: 0179 train_loss= 4.34202 train_acc= 0.50143 val_roc= 0.46426 val_ap= 0.46254 time= 0.25827
Epoch: 0180 train_loss= 4.37651 train_acc= 0.49934 val_roc= 0.44870 val_ap= 0.45147 time= 0.21651
Epoch: 0181 train_loss= 4.15741 train_acc= 0.50016 val_roc= 0.45834 val_ap= 0.45451 time= 0.27502
Epoch: 0182 train_loss= 4.34155 train_acc= 0.50175 val_roc= 0.45908 val_ap= 0.45767 time= 0.32911
Epoch: 0183 train_loss= 4.34397 train_acc= 0.49936 val_roc= 0.45610 val_ap= 0.45506 time= 0.26376
Epoch: 0184 train_loss= 4.36793 train_acc= 0.50129 val_roc= 0.45485 val_ap= 0.45480 time= 0.27157
Epoch: 0185 train_loss= 4.23480 train_acc= 0.50114 val_roc= 0.45807 val_ap= 0.45590 time= 0.32137
Epoch: 0186 train_loss= 4.40881 train_acc= 0.50014 val_roc= 0.45209 val_ap= 0.45003 time= 0.17524
Epoch: 0187 train_loss= 4.44271 train_acc= 0.49981 val_roc= 0.45361 val_ap= 0.45382 time= 0.23980
Epoch: 0188 train_loss= 4.36971 train_acc= 0.50028 val_roc= 0.45581 val_ap= 0.45396 time= 0.32265
Epoch: 0189 train_loss= 4.33108 train_acc= 0.50026 val_roc= 0.44922 val_ap= 0.44698 time= 0.24338
Epoch: 0190 train_loss= 4.29600 train_acc= 0.50082 val_roc= 0.44121 val_ap= 0.44292 time= 0.28315
Epoch: 0191 train_loss= 4.24522 train_acc= 0.50132 val_roc= 0.46133 val_ap= 0.46163 time= 0.27800
Epoch: 0192 train_loss= 4.26204 train_acc= 0.50130 val_roc= 0.45261 val_ap= 0.45171 time= 0.28150
Epoch: 0193 train_loss= 4.18370 train_acc= 0.49969 val_roc= 0.45175 val_ap= 0.45560 time= 0.19360
Epoch: 0194 train_loss= 4.28135 train_acc= 0.50055 val_roc= 0.45030 val_ap= 0.44995 time= 0.26449
Epoch: 0195 train_loss= 4.33400 train_acc= 0.49978 val_roc= 0.45360 val_ap= 0.45454 time= 0.26726
Epoch: 0196 train_loss= 4.39717 train_acc= 0.50068 val_roc= 0.44128 val_ap= 0.44563 time= 0.26630
Epoch: 0197 train_loss= 4.33940 train_acc= 0.50220 val_roc= 0.45476 val_ap= 0.45621 time= 0.23084
Epoch: 0198 train_loss= 4.24435 train_acc= 0.50079 val_roc= 0.45779 val_ap= 0.45524 time= 0.26898
Epoch: 0199 train_loss= 4.34950 train_acc= 0.50103 val_roc= 0.46196 val_ap= 0.46079 time= 0.29561
Epoch: 0200 train_loss= 4.37594 train_acc= 0.50011 val_roc= 0.45329 val_ap= 0.45373 time= 0.27201
Epoch: 0201 train_loss= 4.30028 train_acc= 0.50025 val_roc= 0.47679 val_ap= 0.47311 time= 0.25762
Epoch: 0202 train_loss= 4.22511 train_acc= 0.50042 val_roc= 0.46152 val_ap= 0.46086 time= 0.28653
Epoch: 0203 train_loss= 4.37923 train_acc= 0.50094 val_roc= 0.45726 val_ap= 0.45659 time= 0.26628
Epoch: 0204 train_loss= 4.43980 train_acc= 0.50066 val_roc= 0.46750 val_ap= 0.46320 time= 0.38040
Epoch: 0205 train_loss= 4.37290 train_acc= 0.50104 val_roc= 0.45709 val_ap= 0.45838 time= 0.23332
Epoch: 0206 train_loss= 4.32685 train_acc= 0.50171 val_roc= 0.46584 val_ap= 0.46596 time= 0.17722
Epoch: 0207 train_loss= 4.33088 train_acc= 0.50040 val_roc= 0.47240 val_ap= 0.46877 time= 0.37487
Epoch: 0208 train_loss= 4.42393 train_acc= 0.49904 val_roc= 0.47502 val_ap= 0.47125 time= 0.21159
Epoch: 0209 train_loss= 4.37062 train_acc= 0.49964 val_roc= 0.45322 val_ap= 0.45159 time= 0.24835
Epoch: 0210 train_loss= 4.28055 train_acc= 0.50134 val_roc= 0.45746 val_ap= 0.45720 time= 0.27605
Epoch: 0211 train_loss= 4.41576 train_acc= 0.50056 val_roc= 0.45923 val_ap= 0.45817 time= 0.31590
Epoch: 0212 train_loss= 4.41630 train_acc= 0.50059 val_roc= 0.47826 val_ap= 0.47049 time= 0.26664
Epoch: 0213 train_loss= 4.33456 train_acc= 0.50033 val_roc= 0.45541 val_ap= 0.45469 time= 0.24067
Epoch: 0214 train_loss= 4.25793 train_acc= 0.50141 val_roc= 0.44855 val_ap= 0.44751 time= 0.25720
Epoch: 0215 train_loss= 4.26806 train_acc= 0.49910 val_roc= 0.45184 val_ap= 0.45145 time= 0.30362
Epoch: 0216 train_loss= 4.34692 train_acc= 0.49977 val_roc= 0.45795 val_ap= 0.45680 time= 0.31189
Epoch: 0217 train_loss= 4.34797 train_acc= 0.50040 val_roc= 0.45670 val_ap= 0.45778 time= 0.37879
Epoch: 0218 train_loss= 4.14813 train_acc= 0.50028 val_roc= 0.46454 val_ap= 0.45974 time= 0.27881
Epoch: 0219 train_loss= 4.40320 train_acc= 0.50056 val_roc= 0.45818 val_ap= 0.45835 time= 0.27366
Epoch: 0220 train_loss= 4.28476 train_acc= 0.50142 val_roc= 0.46141 val_ap= 0.45979 time= 0.30378
Epoch: 0221 train_loss= 4.32539 train_acc= 0.50044 val_roc= 0.45721 val_ap= 0.45788 time= 0.25912
Epoch: 0222 train_loss= 4.32909 train_acc= 0.50119 val_roc= 0.45367 val_ap= 0.45460 time= 0.32141
Epoch: 0223 train_loss= 4.44420 train_acc= 0.50114 val_roc= 0.45660 val_ap= 0.45648 time= 0.23224
Epoch: 0224 train_loss= 4.20768 train_acc= 0.50036 val_roc= 0.44839 val_ap= 0.45304 time= 0.30658
Epoch: 0225 train_loss= 4.43234 train_acc= 0.50062 val_roc= 0.44885 val_ap= 0.44888 time= 0.27762
Epoch: 0226 train_loss= 4.36108 train_acc= 0.49927 val_roc= 0.45354 val_ap= 0.45453 time= 0.27049
Epoch: 0227 train_loss= 4.42146 train_acc= 0.49981 val_roc= 0.46323 val_ap= 0.46025 time= 0.26298
Epoch: 0228 train_loss= 4.28175 train_acc= 0.50035 val_roc= 0.46768 val_ap= 0.46435 time= 0.26418
Epoch: 0229 train_loss= 4.34824 train_acc= 0.50044 val_roc= 0.46498 val_ap= 0.46105 time= 0.26306
Epoch: 0230 train_loss= 4.28742 train_acc= 0.50006 val_roc= 0.44945 val_ap= 0.45091 time= 0.23771
Epoch: 0231 train_loss= 4.29031 train_acc= 0.49978 val_roc= 0.46176 val_ap= 0.46250 time= 0.25032
Epoch: 0232 train_loss= 4.30264 train_acc= 0.50097 val_roc= 0.45744 val_ap= 0.45597 time= 0.25907
Epoch: 0233 train_loss= 4.34441 train_acc= 0.50005 val_roc= 0.46132 val_ap= 0.46005 time= 0.34159
Epoch: 0234 train_loss= 4.35372 train_acc= 0.50138 val_roc= 0.45020 val_ap= 0.45647 time= 0.25492
Epoch: 0235 train_loss= 4.33334 train_acc= 0.50078 val_roc= 0.46638 val_ap= 0.46331 time= 0.23477
Epoch: 0236 train_loss= 4.40475 train_acc= 0.49971 val_roc= 0.46019 val_ap= 0.45933 time= 0.21559
Epoch: 0237 train_loss= 4.37430 train_acc= 0.50025 val_roc= 0.45068 val_ap= 0.45332 time= 0.25416
Epoch: 0238 train_loss= 4.24293 train_acc= 0.49974 val_roc= 0.46823 val_ap= 0.46454 time= 0.29866
Epoch: 0239 train_loss= 4.29664 train_acc= 0.50067 val_roc= 0.46901 val_ap= 0.46931 time= 0.24570
Epoch: 0240 train_loss= 4.28804 train_acc= 0.49971 val_roc= 0.45538 val_ap= 0.45430 time= 0.26421
Epoch: 0241 train_loss= 4.30698 train_acc= 0.50028 val_roc= 0.45200 val_ap= 0.45278 time= 0.25120
Epoch: 0242 train_loss= 4.34759 train_acc= 0.50145 val_roc= 0.47874 val_ap= 0.47481 time= 0.36479
Epoch: 0243 train_loss= 4.37322 train_acc= 0.50071 val_roc= 0.46033 val_ap= 0.46038 time= 0.34009
Epoch: 0244 train_loss= 4.36556 train_acc= 0.50052 val_roc= 0.44521 val_ap= 0.44694 time= 0.23916
Epoch: 0245 train_loss= 4.26487 train_acc= 0.50122 val_roc= 0.47368 val_ap= 0.46514 time= 0.34232
Epoch: 0246 train_loss= 4.33174 train_acc= 0.50057 val_roc= 0.45419 val_ap= 0.45556 time= 0.32299
Epoch: 0247 train_loss= 4.24251 train_acc= 0.50109 val_roc= 0.45338 val_ap= 0.45193 time= 0.17849
Epoch: 0248 train_loss= 4.31616 train_acc= 0.49955 val_roc= 0.44759 val_ap= 0.44805 time= 0.31743
Epoch: 0249 train_loss= 4.29705 train_acc= 0.50124 val_roc= 0.45474 val_ap= 0.45287 time= 0.24291
Epoch: 0250 train_loss= 4.36365 train_acc= 0.50201 val_roc= 0.46223 val_ap= 0.45844 time= 0.27530
Epoch: 0251 train_loss= 4.30267 train_acc= 0.50114 val_roc= 0.45743 val_ap= 0.45790 time= 0.16123
Epoch: 0252 train_loss= 4.35808 train_acc= 0.50187 val_roc= 0.46756 val_ap= 0.46462 time= 0.30876
Epoch: 0253 train_loss= 4.30480 train_acc= 0.50026 val_roc= 0.46442 val_ap= 0.46414 time= 0.35124
Epoch: 0254 train_loss= 4.25248 train_acc= 0.50068 val_roc= 0.45288 val_ap= 0.45028 time= 0.29652
Epoch: 0255 train_loss= 4.33435 train_acc= 0.49979 val_roc= 0.47725 val_ap= 0.47313 time= 0.28582
Epoch: 0256 train_loss= 4.27371 train_acc= 0.50090 val_roc= 0.46078 val_ap= 0.45925 time= 0.34693
Epoch: 0257 train_loss= 4.14618 train_acc= 0.50091 val_roc= 0.45433 val_ap= 0.45520 time= 0.25208
Epoch: 0258 train_loss= 4.44137 train_acc= 0.50100 val_roc= 0.43874 val_ap= 0.44077 time= 0.27729
Epoch: 0259 train_loss= 4.32235 train_acc= 0.50061 val_roc= 0.43910 val_ap= 0.44160 time= 0.25196
Epoch: 0260 train_loss= 4.34383 train_acc= 0.50069 val_roc= 0.45139 val_ap= 0.45293 time= 0.27354
Epoch: 0261 train_loss= 4.41223 train_acc= 0.50057 val_roc= 0.44646 val_ap= 0.44764 time= 0.29831
Epoch: 0262 train_loss= 4.41018 train_acc= 0.50086 val_roc= 0.46759 val_ap= 0.46444 time= 0.23425
Epoch: 0263 train_loss= 4.50678 train_acc= 0.50035 val_roc= 0.44791 val_ap= 0.44907 time= 0.27430
Epoch: 0264 train_loss= 4.37878 train_acc= 0.50230 val_roc= 0.44371 val_ap= 0.44846 time= 0.32812
Epoch: 0265 train_loss= 4.38052 train_acc= 0.50168 val_roc= 0.46950 val_ap= 0.46924 time= 0.22693
Epoch: 0266 train_loss= 4.15989 train_acc= 0.50082 val_roc= 0.46510 val_ap= 0.46358 time= 0.31126
Epoch: 0267 train_loss= 4.34464 train_acc= 0.50050 val_roc= 0.44966 val_ap= 0.44766 time= 0.24938
Epoch: 0268 train_loss= 4.31783 train_acc= 0.50045 val_roc= 0.46956 val_ap= 0.46180 time= 0.23959
Epoch: 0269 train_loss= 4.38412 train_acc= 0.50121 val_roc= 0.45151 val_ap= 0.45181 time= 0.38281
Epoch: 0270 train_loss= 4.35027 train_acc= 0.50137 val_roc= 0.45645 val_ap= 0.45476 time= 0.24702
Epoch: 0271 train_loss= 4.13158 train_acc= 0.49957 val_roc= 0.45787 val_ap= 0.45870 time= 0.27338
Epoch: 0272 train_loss= 4.50616 train_acc= 0.50026 val_roc= 0.45525 val_ap= 0.45397 time= 0.24613
Epoch: 0273 train_loss= 4.31262 train_acc= 0.50016 val_roc= 0.47047 val_ap= 0.47007 time= 0.29561
Epoch: 0274 train_loss= 4.26592 train_acc= 0.49968 val_roc= 0.46481 val_ap= 0.46332 time= 0.27379
Epoch: 0275 train_loss= 4.34032 train_acc= 0.50208 val_roc= 0.45657 val_ap= 0.45822 time= 0.26000
Epoch: 0276 train_loss= 4.33123 train_acc= 0.50081 val_roc= 0.46857 val_ap= 0.46648 time= 0.33061
Epoch: 0277 train_loss= 4.32886 train_acc= 0.50064 val_roc= 0.45021 val_ap= 0.45148 time= 0.28041
Epoch: 0278 train_loss= 4.21820 train_acc= 0.50155 val_roc= 0.46593 val_ap= 0.46510 time= 0.33595
Epoch: 0279 train_loss= 4.36318 train_acc= 0.50011 val_roc= 0.47157 val_ap= 0.46604 time= 0.26569
Epoch: 0280 train_loss= 4.35451 train_acc= 0.50103 val_roc= 0.45387 val_ap= 0.45362 time= 0.36916
Epoch: 0281 train_loss= 4.29879 train_acc= 0.49942 val_roc= 0.45020 val_ap= 0.45272 time= 0.27986
Epoch: 0282 train_loss= 4.36930 train_acc= 0.50055 val_roc= 0.45740 val_ap= 0.45868 time= 0.25947
Epoch: 0283 train_loss= 4.35163 train_acc= 0.50086 val_roc= 0.44893 val_ap= 0.44888 time= 0.22956
Epoch: 0284 train_loss= 4.24203 train_acc= 0.50051 val_roc= 0.45613 val_ap= 0.45336 time= 0.31447
Epoch: 0285 train_loss= 4.43669 train_acc= 0.50071 val_roc= 0.49657 val_ap= 0.49010 time= 0.26918
Epoch: 0286 train_loss= 4.27765 train_acc= 0.50094 val_roc= 0.44533 val_ap= 0.44681 time= 0.27067
Epoch: 0287 train_loss= 4.32523 train_acc= 0.50080 val_roc= 0.45378 val_ap= 0.45101 time= 0.27563
Epoch: 0288 train_loss= 4.39288 train_acc= 0.50025 val_roc= 0.45059 val_ap= 0.44929 time= 0.42553
Epoch: 0289 train_loss= 4.26962 train_acc= 0.50099 val_roc= 0.46208 val_ap= 0.45883 time= 0.21491
Epoch: 0290 train_loss= 4.33655 train_acc= 0.50008 val_roc= 0.47231 val_ap= 0.47554 time= 0.31997
Epoch: 0291 train_loss= 4.37956 train_acc= 0.50023 val_roc= 0.46365 val_ap= 0.46115 time= 0.26596
Epoch: 0292 train_loss= 4.40214 train_acc= 0.50199 val_roc= 0.45367 val_ap= 0.45609 time= 0.33679
Epoch: 0293 train_loss= 4.28108 train_acc= 0.50138 val_roc= 0.44461 val_ap= 0.45076 time= 0.28389
Epoch: 0294 train_loss= 4.31188 train_acc= 0.50136 val_roc= 0.46332 val_ap= 0.46212 time= 0.25430
Epoch: 0295 train_loss= 4.17302 train_acc= 0.49984 val_roc= 0.45433 val_ap= 0.45429 time= 0.24829
Epoch: 0296 train_loss= 4.30889 train_acc= 0.50085 val_roc= 0.45628 val_ap= 0.45594 time= 0.25543
Epoch: 0297 train_loss= 4.43876 train_acc= 0.50067 val_roc= 0.45554 val_ap= 0.45488 time= 0.28365
Epoch: 0298 train_loss= 4.22904 train_acc= 0.50081 val_roc= 0.45609 val_ap= 0.45651 time= 0.33568
Epoch: 0299 train_loss= 4.16379 train_acc= 0.49958 val_roc= 0.45538 val_ap= 0.45422 time= 0.16635
Epoch: 0300 train_loss= 4.27451 train_acc= 0.50115 val_roc= 0.45514 val_ap= 0.45228 time= 0.35492
Test ROC score: 0.4380518595377604
Test AP score: 0.4350988446193936
